<?xml version="1.0" encoding="UTF-8"?>
<testng-results ignored="0" total="1" passed="1" failed="0" skipped="0">
  <reporter-output>
  </reporter-output>
  <suite started-at="2024-07-15T12:31:14 IST" name="Default suite" finished-at="2024-07-15T12:31:15 IST" duration-ms="956">
    <groups>
    </groups>
    <test started-at="2024-07-15T12:31:14 IST" name="Default test" finished-at="2024-07-15T12:31:15 IST" duration-ms="956">
      <class name="com.orangehrm.utilities.getExcellData">
        <test-method signature="testExcellData()[pri:0, instance:com.orangehrm.utilities.getExcellData@5e600dd5]" started-at="2024-07-15T12:31:14 IST" name="testExcellData" finished-at="2024-07-15T12:31:15 IST" duration-ms="924" status="PASS">
          <reporter-output>
          </reporter-output>
        </test-method> <!-- testExcellData -->
      </class> <!-- com.orangehrm.utilities.getExcellData -->
    </test> <!-- Default test -->
  </suite> <!-- Default suite -->
</testng-results>
